<?xml version="1.0" encoding="UTF-8"?>
<!-- Generated by org.testng.reporters.JUnitReportReporter -->
<testsuite hostname="DToshiba" failures="0" tests="2" name="GetAllPeopleTest" time="3.182" errors="0" timestamp="13 Dec 2021 21:12:59 GMT">
  <testcase classname="GetAllPeopleTest" name="getAllPeopleTest" time="0.858"/>
  <testcase classname="GetAllPeopleTest" name="getAllPeopleNumberOfPeopleListCounterFieldTest" time="2.324"/>
</testsuite> <!-- GetAllPeopleTest -->
